<?xml version="1.0" encoding="UTF-8"?>
<testng-results ignored="0" total="1" passed="1" failed="0" skipped="0">
  <reporter-output>
  </reporter-output>
  <suite started-at="2024-04-06T12:46:11 IST" name="Suite" finished-at="2024-04-06T12:46:56 IST" duration-ms="44428">
    <groups>
    </groups>
    <test started-at="2024-04-06T12:46:11 IST" name="Test" finished-at="2024-04-06T12:46:56 IST" duration-ms="44428">
      <class name="test.TestMaven">
        <test-method signature="test()[pri:0, instance:test.TestMaven@1852a3ff]" started-at="2024-04-06T12:46:11 IST" name="test" finished-at="2024-04-06T12:46:55 IST" duration-ms="43932" status="PASS">
          <reporter-output>
          </reporter-output>
        </test-method> <!-- test -->
        <test-method is-config="true" signature="quitTest()[pri:0, instance:test.TestMaven@1852a3ff]" started-at="2024-04-06T12:46:55 IST" name="quitTest" finished-at="2024-04-06T12:46:56 IST" duration-ms="458" status="PASS">
          <reporter-output>
          </reporter-output>
        </test-method> <!-- quitTest -->
      </class> <!-- test.TestMaven -->
    </test> <!-- Test -->
  </suite> <!-- Suite -->
</testng-results>
