<?xml version="1.0" encoding="UTF-8"?>
<testng-results ignored="0" total="1" passed="1" failed="0" skipped="0">
  <reporter-output>
  </reporter-output>
  <suite started-at="2024-05-11T15:22:11 IST" name="Default suite" finished-at="2024-05-11T15:23:54 IST" duration-ms="103113">
    <groups>
    </groups>
    <test started-at="2024-05-11T15:22:11 IST" name="Default test" finished-at="2024-05-11T15:23:54 IST" duration-ms="103113">
      <class name="test.TestMaven">
        <test-method signature="test()[pri:0, instance:test.TestMaven@55183b20]" started-at="2024-05-11T15:22:11 IST" name="test" finished-at="2024-05-11T15:23:54 IST" duration-ms="102736" status="PASS">
          <reporter-output>
          </reporter-output>
        </test-method> <!-- test -->
        <test-method is-config="true" signature="quitTest()[pri:0, instance:test.TestMaven@55183b20]" started-at="2024-05-11T15:23:54 IST" name="quitTest" finished-at="2024-05-11T15:23:54 IST" duration-ms="337" status="PASS">
          <reporter-output>
          </reporter-output>
        </test-method> <!-- quitTest -->
      </class> <!-- test.TestMaven -->
    </test> <!-- Default test -->
  </suite> <!-- Default suite -->
</testng-results>
